<?xml version="1.0" encoding="UTF-8"?>
<!-- Generated by org.testng.reporters.JUnitReportReporter -->
<testsuite hostname="DESKTOP-8JS9NQE" failures="0" tests="1" name="testBase.Baseclass" time="3.594" errors="0" timestamp="2023-12-05T14:02:38 IST" skipped="0">
  <testcase classname="testBase.Baseclass" name="loginfunctionality1" time="3.594"/>
  <system-out/>
</testsuite> <!-- testBase.Baseclass -->
